<?xml version="1.0" encoding="UTF-8" standalone="yes" ?>
<test-results name="C:\Users\lucassantos\Projetos\ProvaDelphi\TestProvaDelphi\Bin\TestProvaDelphi.exe" total="8" errors="0" failures="0" ignored="0" inconclusive="0" not-run="0" skipped="0" invalid="0" date="2020-08-31" time="0.005">
  <culture-info current-culture="en" current-uiculture="en" />
  <test-suite type="Assembly" name="TestProvaDelphi.exe" executed="true" result="Success" success="True" time="0.005" asserts="0">
    <results>
        <test-suite type="Namespace" name="uTestspQuery" executed="true" result="Success" success="True" time="0.005" asserts="0" >
          <results>
              <test-suite type="Fixture" name="TTestspQuery" executed="True" result="Success" success="True" time="0.005" >
                <results>
                  <test-case name="TestGeracaoSQLSimples" executed="True" result="Success" success="True" time="0.001" asserts="0" />
                  <test-case name="TestExcecaoQuantoTemMaisDeUmaTabela.TestTabelasNaMesmaLinha" executed="True" result="Success" success="True" time="0.000" asserts="0" />
                  <test-case name="TestExcecaoQuantoTemMaisDeUmaTabela.TestTabelasComQubraDeLinha" executed="True" result="Success" success="True" time="0.000" asserts="0" />
                  <test-case name="TestGeracaoSQLComplexo.TestColunasNumericas" executed="True" result="Success" success="True" time="0.000" asserts="0" />
                  <test-case name="TestGeracaoSQLComplexo.TestColunasComFuncao" executed="True" result="Success" success="True" time="0.001" asserts="0" />
                  <test-case name="TestGeracaoSQLComplexo.TestSomenteTabelaComTodasColunas" executed="True" result="Success" success="True" time="0.000" asserts="0" />
                </results>
              </test-suite>
          </results>
        </test-suite>
        <test-suite type="Namespace" name="uTestTarefa3Gestor" executed="true" result="Success" success="True" time="0.002" asserts="0" >
          <results>
              <test-suite type="Fixture" name="TTestTarefa3Gestor" executed="True" result="Success" success="True" time="0.002" >
                <results>
                  <test-case name="TestCalculoTotal" executed="True" result="Success" success="True" time="0.000" asserts="0" />
                  <test-case name="TestCalculoTotalDivisoes" executed="True" result="Success" success="True" time="0.000" asserts="0" />
                </results>
              </test-suite>
          </results>
        </test-suite>
    </results>
  </test-suite>
</test-results>
